<?xml version="1.0" encoding="UTF-8"?>
<testsuite xmlns:xsi="http://www.w3.org/2001/XMLSchema-instance" xsi:noNamespaceSchemaLocation="https://maven.apache.org/surefire/maven-surefire-plugin/xsd/surefire-test-report.xsd" name="helloworld.AppTest" time="0.375" tests="1" errors="0" skipped="0" failures="0">
  <properties>
    <property name="sun.desktop" value="windows"/>
    <property name="awt.toolkit" value="sun.awt.windows.WToolkit"/>
    <property name="file.encoding.pkg" value="sun.io"/>
    <property name="java.specification.version" value="1.8"/>
    <property name="sun.cpu.isalist" value="amd64"/>
    <property name="sun.jnu.encoding" value="Cp1252"/>
    <property name="java.class.path" value="C:\Users\lenovo\Desktop\workspace15thMarch\springboot\HelloWorldFunction\target\test-classes;C:\Users\lenovo\Desktop\workspace15thMarch\springboot\HelloWorldFunction\target\classes;E:\Maven_Repository\com\amazonaws\serverless\aws-serverless-java-container-springboot2\1.7\aws-serverless-java-container-springboot2-1.7.jar;E:\Maven_Repository\com\amazonaws\serverless\aws-serverless-java-container-core\1.7\aws-serverless-java-container-core-1.7.jar;E:\Maven_Repository\javax\servlet\javax.servlet-api\4.0.1\javax.servlet-api-4.0.1.jar;E:\Maven_Repository\javax\ws\rs\javax.ws.rs-api\2.1\javax.ws.rs-api-2.1.jar;E:\Maven_Repository\com\fasterxml\jackson\core\jackson-databind\2.11.0\jackson-databind-2.11.0.jar;E:\Maven_Repository\com\fasterxml\jackson\core\jackson-annotations\2.11.0\jackson-annotations-2.11.0.jar;E:\Maven_Repository\com\fasterxml\jackson\core\jackson-core\2.11.0\jackson-core-2.11.0.jar;E:\Maven_Repository\com\fasterxml\jackson\module\jackson-module-afterburner\2.11.0\jackson-module-afterburner-2.11.0.jar;E:\Maven_Repository\commons-fileupload\commons-fileupload\1.4\commons-fileupload-1.4.jar;E:\Maven_Repository\commons-io\commons-io\2.2\commons-io-2.2.jar;E:\Maven_Repository\org\apache\httpcomponents\httpmime\4.5.12\httpmime-4.5.12.jar;E:\Maven_Repository\org\slf4j\slf4j-api\1.7.30\slf4j-api-1.7.30.jar;E:\Maven_Repository\com\h2database\h2\1.4.200\h2-1.4.200.jar;E:\Maven_Repository\org\springframework\boot\spring-boot-starter-web\2.6.5\spring-boot-starter-web-2.6.5.jar;E:\Maven_Repository\org\springframework\boot\spring-boot-starter\2.3.1.RELEASE\spring-boot-starter-2.3.1.RELEASE.jar;E:\Maven_Repository\org\springframework\boot\spring-boot-autoconfigure\2.3.1.RELEASE\spring-boot-autoconfigure-2.3.1.RELEASE.jar;E:\Maven_Repository\org\springframework\boot\spring-boot-starter-logging\2.3.1.RELEASE\spring-boot-starter-logging-2.3.1.RELEASE.jar;E:\Maven_Repository\ch\qos\logback\logback-classic\1.2.3\logback-classic-1.2.3.jar;E:\Maven_Repository\ch\qos\logback\logback-core\1.2.3\logback-core-1.2.3.jar;E:\Maven_Repository\org\apache\logging\log4j\log4j-to-slf4j\2.13.3\log4j-to-slf4j-2.13.3.jar;E:\Maven_Repository\org\apache\logging\log4j\log4j-api\2.13.3\log4j-api-2.13.3.jar;E:\Maven_Repository\org\slf4j\jul-to-slf4j\1.7.30\jul-to-slf4j-1.7.30.jar;E:\Maven_Repository\jakarta\annotation\jakarta.annotation-api\1.3.5\jakarta.annotation-api-1.3.5.jar;E:\Maven_Repository\org\yaml\snakeyaml\1.26\snakeyaml-1.26.jar;E:\Maven_Repository\org\springframework\boot\spring-boot-starter-json\2.3.1.RELEASE\spring-boot-starter-json-2.3.1.RELEASE.jar;E:\Maven_Repository\com\fasterxml\jackson\datatype\jackson-datatype-jdk8\2.11.0\jackson-datatype-jdk8-2.11.0.jar;E:\Maven_Repository\com\fasterxml\jackson\datatype\jackson-datatype-jsr310\2.11.0\jackson-datatype-jsr310-2.11.0.jar;E:\Maven_Repository\com\fasterxml\jackson\module\jackson-module-parameter-names\2.11.0\jackson-module-parameter-names-2.11.0.jar;E:\Maven_Repository\org\springframework\boot\spring-boot-starter-tomcat\2.3.1.RELEASE\spring-boot-starter-tomcat-2.3.1.RELEASE.jar;E:\Maven_Repository\org\apache\tomcat\embed\tomcat-embed-core\9.0.36\tomcat-embed-core-9.0.36.jar;E:\Maven_Repository\org\glassfish\jakarta.el\3.0.3\jakarta.el-3.0.3.jar;E:\Maven_Repository\org\apache\tomcat\embed\tomcat-embed-websocket\9.0.36\tomcat-embed-websocket-9.0.36.jar;E:\Maven_Repository\org\springframework\spring-web\5.2.7.RELEASE\spring-web-5.2.7.RELEASE.jar;E:\Maven_Repository\org\springframework\spring-webmvc\5.2.7.RELEASE\spring-webmvc-5.2.7.RELEASE.jar;E:\Maven_Repository\org\springframework\spring-expression\5.2.7.RELEASE\spring-expression-5.2.7.RELEASE.jar;E:\Maven_Repository\com\amazonaws\aws-java-sdk-lambda\1.12.186\aws-java-sdk-lambda-1.12.186.jar;E:\Maven_Repository\com\amazonaws\aws-java-sdk-core\1.12.186\aws-java-sdk-core-1.12.186.jar;E:\Maven_Repository\commons-logging\commons-logging\1.1.3\commons-logging-1.1.3.jar;E:\Maven_Repository\commons-codec\commons-codec\1.14\commons-codec-1.14.jar;E:\Maven_Repository\org\apache\httpcomponents\httpclient\4.5.12\httpclient-4.5.12.jar;E:\Maven_Repository\org\apache\httpcomponents\httpcore\4.4.13\httpcore-4.4.13.jar;E:\Maven_Repository\software\amazon\ion\ion-java\1.0.2\ion-java-1.0.2.jar;E:\Maven_Repository\com\fasterxml\jackson\dataformat\jackson-dataformat-cbor\2.11.0\jackson-dataformat-cbor-2.11.0.jar;E:\Maven_Repository\com\amazonaws\jmespath-java\1.12.186\jmespath-java-1.12.186.jar;E:\Maven_Repository\com\amazonaws\aws-lambda-java-core\1.2.1\aws-lambda-java-core-1.2.1.jar;E:\Maven_Repository\com\amazonaws\aws-lambda-java-events\3.11.0\aws-lambda-java-events-3.11.0.jar;E:\Maven_Repository\joda-time\joda-time\2.6\joda-time-2.6.jar;E:\Maven_Repository\org\springframework\data\spring-data-jpa\2.3.1.RELEASE\spring-data-jpa-2.3.1.RELEASE.jar;E:\Maven_Repository\org\springframework\spring-orm\5.2.7.RELEASE\spring-orm-5.2.7.RELEASE.jar;E:\Maven_Repository\org\springframework\spring-jdbc\5.2.7.RELEASE\spring-jdbc-5.2.7.RELEASE.jar;E:\Maven_Repository\org\springframework\spring-context\5.2.7.RELEASE\spring-context-5.2.7.RELEASE.jar;E:\Maven_Repository\org\springframework\spring-aop\5.2.7.RELEASE\spring-aop-5.2.7.RELEASE.jar;E:\Maven_Repository\org\springframework\spring-tx\5.2.7.RELEASE\spring-tx-5.2.7.RELEASE.jar;E:\Maven_Repository\org\springframework\spring-beans\5.2.7.RELEASE\spring-beans-5.2.7.RELEASE.jar;E:\Maven_Repository\org\springframework\spring-core\5.2.7.RELEASE\spring-core-5.2.7.RELEASE.jar;E:\Maven_Repository\org\springframework\spring-jcl\5.2.7.RELEASE\spring-jcl-5.2.7.RELEASE.jar;E:\Maven_Repository\org\aspectj\aspectjrt\1.9.5\aspectjrt-1.9.5.jar;E:\Maven_Repository\junit\junit\4.13.2\junit-4.13.2.jar;E:\Maven_Repository\org\hamcrest\hamcrest-core\2.2\hamcrest-core-2.2.jar;E:\Maven_Repository\org\hamcrest\hamcrest\2.2\hamcrest-2.2.jar;E:\Maven_Repository\org\springframework\boot\spring-boot\2.3.1.RELEASE\spring-boot-2.3.1.RELEASE.jar;E:\Maven_Repository\org\springframework\data\spring-data-commons\2.3.1.RELEASE\spring-data-commons-2.3.1.RELEASE.jar;E:\Maven_Repository\org\hibernate\hibernate-core\5.6.5.Final\hibernate-core-5.6.5.Final.jar;E:\Maven_Repository\org\jboss\logging\jboss-logging\3.4.1.Final\jboss-logging-3.4.1.Final.jar;E:\Maven_Repository\javax\persistence\javax.persistence-api\2.2\javax.persistence-api-2.2.jar;E:\Maven_Repository\net\bytebuddy\byte-buddy\1.10.11\byte-buddy-1.10.11.jar;E:\Maven_Repository\antlr\antlr\2.7.7\antlr-2.7.7.jar;E:\Maven_Repository\org\jboss\spec\javax\transaction\jboss-transaction-api_1.2_spec\1.1.1.Final\jboss-transaction-api_1.2_spec-1.1.1.Final.jar;E:\Maven_Repository\org\jboss\jandex\2.4.2.Final\jandex-2.4.2.Final.jar;E:\Maven_Repository\com\fasterxml\classmate\1.5.1\classmate-1.5.1.jar;E:\Maven_Repository\javax\activation\javax.activation-api\1.2.0\javax.activation-api-1.2.0.jar;E:\Maven_Repository\org\hibernate\common\hibernate-commons-annotations\5.1.2.Final\hibernate-commons-annotations-5.1.2.Final.jar;E:\Maven_Repository\javax\xml\bind\jaxb-api\2.3.1\jaxb-api-2.3.1.jar;E:\Maven_Repository\org\glassfish\jaxb\jaxb-runtime\2.3.3\jaxb-runtime-2.3.3.jar;E:\Maven_Repository\jakarta\xml\bind\jakarta.xml.bind-api\2.3.3\jakarta.xml.bind-api-2.3.3.jar;E:\Maven_Repository\org\glassfish\jaxb\txw2\2.3.3\txw2-2.3.3.jar;E:\Maven_Repository\com\sun\istack\istack-commons-runtime\3.0.11\istack-commons-runtime-3.0.11.jar;E:\Maven_Repository\com\sun\activation\jakarta.activation\1.2.2\jakarta.activation-1.2.2.jar;"/>
    <property name="java.vm.vendor" value="Oracle Corporation"/>
    <property name="sun.arch.data.model" value="64"/>
    <property name="user.variant" value=""/>
    <property name="java.vendor.url" value="http://java.oracle.com/"/>
    <property name="user.timezone" value="Asia/Calcutta"/>
    <property name="java.vm.specification.version" value="1.8"/>
    <property name="os.name" value="Windows 8.1"/>
    <property name="user.country" value="US"/>
    <property name="sun.java.launcher" value="SUN_STANDARD"/>
    <property name="sun.boot.library.path" value="E:\SubhashreeRout\Softwares\Java\jdk1.8.0_45\jre\bin"/>
    <property name="sun.java.command" value="C:\Users\lenovo\AppData\Local\Temp\surefire3500956930142197864\surefirebooter8012813979260937190.jar C:\Users\lenovo\AppData\Local\Temp\surefire3500956930142197864 2022-03-31T19-23-48_471-jvmRun1 surefire1706613787844941499tmp surefire_08806316190869614136tmp"/>
    <property name="surefire.test.class.path" value="C:\Users\lenovo\Desktop\workspace15thMarch\springboot\HelloWorldFunction\target\test-classes;C:\Users\lenovo\Desktop\workspace15thMarch\springboot\HelloWorldFunction\target\classes;E:\Maven_Repository\com\amazonaws\serverless\aws-serverless-java-container-springboot2\1.7\aws-serverless-java-container-springboot2-1.7.jar;E:\Maven_Repository\com\amazonaws\serverless\aws-serverless-java-container-core\1.7\aws-serverless-java-container-core-1.7.jar;E:\Maven_Repository\javax\servlet\javax.servlet-api\4.0.1\javax.servlet-api-4.0.1.jar;E:\Maven_Repository\javax\ws\rs\javax.ws.rs-api\2.1\javax.ws.rs-api-2.1.jar;E:\Maven_Repository\com\fasterxml\jackson\core\jackson-databind\2.11.0\jackson-databind-2.11.0.jar;E:\Maven_Repository\com\fasterxml\jackson\core\jackson-annotations\2.11.0\jackson-annotations-2.11.0.jar;E:\Maven_Repository\com\fasterxml\jackson\core\jackson-core\2.11.0\jackson-core-2.11.0.jar;E:\Maven_Repository\com\fasterxml\jackson\module\jackson-module-afterburner\2.11.0\jackson-module-afterburner-2.11.0.jar;E:\Maven_Repository\commons-fileupload\commons-fileupload\1.4\commons-fileupload-1.4.jar;E:\Maven_Repository\commons-io\commons-io\2.2\commons-io-2.2.jar;E:\Maven_Repository\org\apache\httpcomponents\httpmime\4.5.12\httpmime-4.5.12.jar;E:\Maven_Repository\org\slf4j\slf4j-api\1.7.30\slf4j-api-1.7.30.jar;E:\Maven_Repository\com\h2database\h2\1.4.200\h2-1.4.200.jar;E:\Maven_Repository\org\springframework\boot\spring-boot-starter-web\2.6.5\spring-boot-starter-web-2.6.5.jar;E:\Maven_Repository\org\springframework\boot\spring-boot-starter\2.3.1.RELEASE\spring-boot-starter-2.3.1.RELEASE.jar;E:\Maven_Repository\org\springframework\boot\spring-boot-autoconfigure\2.3.1.RELEASE\spring-boot-autoconfigure-2.3.1.RELEASE.jar;E:\Maven_Repository\org\springframework\boot\spring-boot-starter-logging\2.3.1.RELEASE\spring-boot-starter-logging-2.3.1.RELEASE.jar;E:\Maven_Repository\ch\qos\logback\logback-classic\1.2.3\logback-classic-1.2.3.jar;E:\Maven_Repository\ch\qos\logback\logback-core\1.2.3\logback-core-1.2.3.jar;E:\Maven_Repository\org\apache\logging\log4j\log4j-to-slf4j\2.13.3\log4j-to-slf4j-2.13.3.jar;E:\Maven_Repository\org\apache\logging\log4j\log4j-api\2.13.3\log4j-api-2.13.3.jar;E:\Maven_Repository\org\slf4j\jul-to-slf4j\1.7.30\jul-to-slf4j-1.7.30.jar;E:\Maven_Repository\jakarta\annotation\jakarta.annotation-api\1.3.5\jakarta.annotation-api-1.3.5.jar;E:\Maven_Repository\org\yaml\snakeyaml\1.26\snakeyaml-1.26.jar;E:\Maven_Repository\org\springframework\boot\spring-boot-starter-json\2.3.1.RELEASE\spring-boot-starter-json-2.3.1.RELEASE.jar;E:\Maven_Repository\com\fasterxml\jackson\datatype\jackson-datatype-jdk8\2.11.0\jackson-datatype-jdk8-2.11.0.jar;E:\Maven_Repository\com\fasterxml\jackson\datatype\jackson-datatype-jsr310\2.11.0\jackson-datatype-jsr310-2.11.0.jar;E:\Maven_Repository\com\fasterxml\jackson\module\jackson-module-parameter-names\2.11.0\jackson-module-parameter-names-2.11.0.jar;E:\Maven_Repository\org\springframework\boot\spring-boot-starter-tomcat\2.3.1.RELEASE\spring-boot-starter-tomcat-2.3.1.RELEASE.jar;E:\Maven_Repository\org\apache\tomcat\embed\tomcat-embed-core\9.0.36\tomcat-embed-core-9.0.36.jar;E:\Maven_Repository\org\glassfish\jakarta.el\3.0.3\jakarta.el-3.0.3.jar;E:\Maven_Repository\org\apache\tomcat\embed\tomcat-embed-websocket\9.0.36\tomcat-embed-websocket-9.0.36.jar;E:\Maven_Repository\org\springframework\spring-web\5.2.7.RELEASE\spring-web-5.2.7.RELEASE.jar;E:\Maven_Repository\org\springframework\spring-webmvc\5.2.7.RELEASE\spring-webmvc-5.2.7.RELEASE.jar;E:\Maven_Repository\org\springframework\spring-expression\5.2.7.RELEASE\spring-expression-5.2.7.RELEASE.jar;E:\Maven_Repository\com\amazonaws\aws-java-sdk-lambda\1.12.186\aws-java-sdk-lambda-1.12.186.jar;E:\Maven_Repository\com\amazonaws\aws-java-sdk-core\1.12.186\aws-java-sdk-core-1.12.186.jar;E:\Maven_Repository\commons-logging\commons-logging\1.1.3\commons-logging-1.1.3.jar;E:\Maven_Repository\commons-codec\commons-codec\1.14\commons-codec-1.14.jar;E:\Maven_Repository\org\apache\httpcomponents\httpclient\4.5.12\httpclient-4.5.12.jar;E:\Maven_Repository\org\apache\httpcomponents\httpcore\4.4.13\httpcore-4.4.13.jar;E:\Maven_Repository\software\amazon\ion\ion-java\1.0.2\ion-java-1.0.2.jar;E:\Maven_Repository\com\fasterxml\jackson\dataformat\jackson-dataformat-cbor\2.11.0\jackson-dataformat-cbor-2.11.0.jar;E:\Maven_Repository\com\amazonaws\jmespath-java\1.12.186\jmespath-java-1.12.186.jar;E:\Maven_Repository\com\amazonaws\aws-lambda-java-core\1.2.1\aws-lambda-java-core-1.2.1.jar;E:\Maven_Repository\com\amazonaws\aws-lambda-java-events\3.11.0\aws-lambda-java-events-3.11.0.jar;E:\Maven_Repository\joda-time\joda-time\2.6\joda-time-2.6.jar;E:\Maven_Repository\org\springframework\data\spring-data-jpa\2.3.1.RELEASE\spring-data-jpa-2.3.1.RELEASE.jar;E:\Maven_Repository\org\springframework\spring-orm\5.2.7.RELEASE\spring-orm-5.2.7.RELEASE.jar;E:\Maven_Repository\org\springframework\spring-jdbc\5.2.7.RELEASE\spring-jdbc-5.2.7.RELEASE.jar;E:\Maven_Repository\org\springframework\spring-context\5.2.7.RELEASE\spring-context-5.2.7.RELEASE.jar;E:\Maven_Repository\org\springframework\spring-aop\5.2.7.RELEASE\spring-aop-5.2.7.RELEASE.jar;E:\Maven_Repository\org\springframework\spring-tx\5.2.7.RELEASE\spring-tx-5.2.7.RELEASE.jar;E:\Maven_Repository\org\springframework\spring-beans\5.2.7.RELEASE\spring-beans-5.2.7.RELEASE.jar;E:\Maven_Repository\org\springframework\spring-core\5.2.7.RELEASE\spring-core-5.2.7.RELEASE.jar;E:\Maven_Repository\org\springframework\spring-jcl\5.2.7.RELEASE\spring-jcl-5.2.7.RELEASE.jar;E:\Maven_Repository\org\aspectj\aspectjrt\1.9.5\aspectjrt-1.9.5.jar;E:\Maven_Repository\junit\junit\4.13.2\junit-4.13.2.jar;E:\Maven_Repository\org\hamcrest\hamcrest-core\2.2\hamcrest-core-2.2.jar;E:\Maven_Repository\org\hamcrest\hamcrest\2.2\hamcrest-2.2.jar;E:\Maven_Repository\org\springframework\boot\spring-boot\2.3.1.RELEASE\spring-boot-2.3.1.RELEASE.jar;E:\Maven_Repository\org\springframework\data\spring-data-commons\2.3.1.RELEASE\spring-data-commons-2.3.1.RELEASE.jar;E:\Maven_Repository\org\hibernate\hibernate-core\5.6.5.Final\hibernate-core-5.6.5.Final.jar;E:\Maven_Repository\org\jboss\logging\jboss-logging\3.4.1.Final\jboss-logging-3.4.1.Final.jar;E:\Maven_Repository\javax\persistence\javax.persistence-api\2.2\javax.persistence-api-2.2.jar;E:\Maven_Repository\net\bytebuddy\byte-buddy\1.10.11\byte-buddy-1.10.11.jar;E:\Maven_Repository\antlr\antlr\2.7.7\antlr-2.7.7.jar;E:\Maven_Repository\org\jboss\spec\javax\transaction\jboss-transaction-api_1.2_spec\1.1.1.Final\jboss-transaction-api_1.2_spec-1.1.1.Final.jar;E:\Maven_Repository\org\jboss\jandex\2.4.2.Final\jandex-2.4.2.Final.jar;E:\Maven_Repository\com\fasterxml\classmate\1.5.1\classmate-1.5.1.jar;E:\Maven_Repository\javax\activation\javax.activation-api\1.2.0\javax.activation-api-1.2.0.jar;E:\Maven_Repository\org\hibernate\common\hibernate-commons-annotations\5.1.2.Final\hibernate-commons-annotations-5.1.2.Final.jar;E:\Maven_Repository\javax\xml\bind\jaxb-api\2.3.1\jaxb-api-2.3.1.jar;E:\Maven_Repository\org\glassfish\jaxb\jaxb-runtime\2.3.3\jaxb-runtime-2.3.3.jar;E:\Maven_Repository\jakarta\xml\bind\jakarta.xml.bind-api\2.3.3\jakarta.xml.bind-api-2.3.3.jar;E:\Maven_Repository\org\glassfish\jaxb\txw2\2.3.3\txw2-2.3.3.jar;E:\Maven_Repository\com\sun\istack\istack-commons-runtime\3.0.11\istack-commons-runtime-3.0.11.jar;E:\Maven_Repository\com\sun\activation\jakarta.activation\1.2.2\jakarta.activation-1.2.2.jar;"/>
    <property name="sun.cpu.endian" value="little"/>
    <property name="user.home" value="C:\Users\lenovo"/>
    <property name="user.language" value="en"/>
    <property name="java.specification.vendor" value="Oracle Corporation"/>
    <property name="java.home" value="E:\SubhashreeRout\Softwares\Java\jdk1.8.0_45\jre"/>
    <property name="basedir" value="C:\Users\lenovo\Desktop\workspace15thMarch\springboot\HelloWorldFunction"/>
    <property name="file.separator" value="\"/>
    <property name="line.separator" value="&#10;"/>
    <property name="java.vm.specification.vendor" value="Oracle Corporation"/>
    <property name="java.specification.name" value="Java Platform API Specification"/>
    <property name="java.awt.graphicsenv" value="sun.awt.Win32GraphicsEnvironment"/>
    <property name="surefire.real.class.path" value="C:\Users\lenovo\AppData\Local\Temp\surefire3500956930142197864\surefirebooter8012813979260937190.jar"/>
    <property name="sun.boot.class.path" value="E:\SubhashreeRout\Softwares\Java\jdk1.8.0_45\jre\lib\resources.jar;E:\SubhashreeRout\Softwares\Java\jdk1.8.0_45\jre\lib\rt.jar;E:\SubhashreeRout\Softwares\Java\jdk1.8.0_45\jre\lib\sunrsasign.jar;E:\SubhashreeRout\Softwares\Java\jdk1.8.0_45\jre\lib\jsse.jar;E:\SubhashreeRout\Softwares\Java\jdk1.8.0_45\jre\lib\jce.jar;E:\SubhashreeRout\Softwares\Java\jdk1.8.0_45\jre\lib\charsets.jar;E:\SubhashreeRout\Softwares\Java\jdk1.8.0_45\jre\lib\jfr.jar;E:\SubhashreeRout\Softwares\Java\jdk1.8.0_45\jre\classes"/>
    <property name="user.script" value=""/>
    <property name="sun.management.compiler" value="HotSpot 64-Bit Tiered Compilers"/>
    <property name="java.runtime.version" value="1.8.0_45-b14"/>
    <property name="user.name" value="lenovo"/>
    <property name="path.separator" value=";"/>
    <property name="os.version" value="6.3"/>
    <property name="java.endorsed.dirs" value="E:\SubhashreeRout\Softwares\Java\jdk1.8.0_45\jre\lib\endorsed"/>
    <property name="java.runtime.name" value="Java(TM) SE Runtime Environment"/>
    <property name="file.encoding" value="Cp1252"/>
    <property name="java.vm.name" value="Java HotSpot(TM) 64-Bit Server VM"/>
    <property name="localRepository" value="E:\Maven_Repository"/>
    <property name="java.vendor.url.bug" value="http://bugreport.sun.com/bugreport/"/>
    <property name="java.io.tmpdir" value="C:\Users\lenovo\AppData\Local\Temp\"/>
    <property name="idea.version" value="2021.3.2"/>
    <property name="java.version" value="1.8.0_45"/>
    <property name="user.dir" value="C:\Users\lenovo\Desktop\workspace15thMarch\springboot\HelloWorldFunction"/>
    <property name="os.arch" value="amd64"/>
    <property name="java.vm.specification.name" value="Java Virtual Machine Specification"/>
    <property name="java.awt.printerjob" value="sun.awt.windows.WPrinterJob"/>
    <property name="sun.os.patch.level" value=""/>
    <property name="java.library.path" value="E:\SubhashreeRout\Softwares\Java\jdk1.8.0_45\jre\bin;C:\Windows\Sun\Java\bin;C:\Windows\system32;C:\Windows;%M2_HOME%\bin;E:\SubhashreeRout\Softwares\maven-3.3.9\bin;."/>
    <property name="java.vm.info" value="mixed mode"/>
    <property name="java.vendor" value="Oracle Corporation"/>
    <property name="java.vm.version" value="25.45-b02"/>
    <property name="java.ext.dirs" value="E:\SubhashreeRout\Softwares\Java\jdk1.8.0_45\jre\lib\ext;C:\Windows\Sun\Java\lib\ext"/>
    <property name="sun.io.unicode.encoding" value="UnicodeLittle"/>
    <property name="java.class.version" value="52.0"/>
  </properties>
  <testcase name="successfulResponse" classname="helloworld.AppTest" time="0.035"/>
</testsuite>